c:\users\negri\gitspace\zombie game\x64\debug\trxengine.pdb
c:\users\negri\gitspace\zombie game\x64\debug\trxengine.idb
c:\users\negri\gitspace\trxengine\trxengine\x64\debug\window.obj
c:\users\negri\gitspace\trxengine\trxengine\x64\debug\vertex.obj
c:\users\negri\gitspace\trxengine\trxengine\x64\debug\trxengine.obj
c:\users\negri\gitspace\trxengine\trxengine\x64\debug\timing.obj
c:\users\negri\gitspace\trxengine\trxengine\x64\debug\texturecache.obj
c:\users\negri\gitspace\trxengine\trxengine\x64\debug\spritebatch.obj
c:\users\negri\gitspace\trxengine\trxengine\x64\debug\resourcemanager.obj
c:\users\negri\gitspace\trxengine\trxengine\x64\debug\iomanager.obj
c:\users\negri\gitspace\trxengine\trxengine\x64\debug\inputmanager.obj
c:\users\negri\gitspace\trxengine\trxengine\x64\debug\imageloader.obj
c:\users\negri\gitspace\trxengine\trxengine\x64\debug\glslprogram.obj
c:\users\negri\gitspace\trxengine\trxengine\x64\debug\camera2d.obj
c:\users\negri\gitspace\trxengine\trxengine\x64\debug\picopng.obj
c:\users\negri\gitspace\zombie game\x64\debug\trxengine.lib
c:\users\negri\gitspace\trxengine\trxengine\x64\debug\sprite.obj
c:\users\negri\gitspace\trxengine\trxengine\x64\debug\trxengine.tlog\cl.command.1.tlog
c:\users\negri\gitspace\trxengine\trxengine\x64\debug\trxengine.tlog\cl.items.tlog
c:\users\negri\gitspace\trxengine\trxengine\x64\debug\trxengine.tlog\cl.read.1.tlog
c:\users\negri\gitspace\trxengine\trxengine\x64\debug\trxengine.tlog\cl.write.1.tlog
c:\users\negri\gitspace\trxengine\trxengine\x64\debug\trxengine.tlog\lib-link.read.1.tlog
c:\users\negri\gitspace\trxengine\trxengine\x64\debug\trxengine.tlog\lib-link.write.1.tlog
c:\users\negri\gitspace\trxengine\trxengine\x64\debug\trxengine.tlog\lib.command.1.tlog
